This is pdfTeX, Version 3.141592653-2.6-1.40.25 (TeX Live 2023/Debian) (preloaded format=pdflatex 2026.6.16)  17 JUN 2026 00:46
entering extended mode
 restricted \write18 enabled.
 file:line:error style messages enabled.
 %&-line parsing enabled.
**"/home/fernanda/Documentos/UTFPR/5 PERГЌODO/ANГЃLISE E PROJETO ORIENTADO A OBJETOS/projeto da disciplina/projeto-apoo/projeto_APOO.tex"
(/home/fernanda/Documentos/UTFPR/5 PERГЌODO/ANГЃLISE E PROJETO ORIENTADO A OBJETOS/projeto da disciplina/projeto-apoo/projeto_APOO.tex
LaTeX2e <2023-11-01> patch level 1
L3 programming layer <2024-01-22>
(/usr/share/texlive/texmf-dist/tex/latex/base/article.cls
Document Class: article 2023/05/17 v1.4n Standard LaTeX document class
(/usr/share/texlive/texmf-dist/tex/latex/base/size12.clo
File: size12.clo 2023/05/17 v1.4n Standard LaTeX file (size option)
)
\c@part=\count187
\c@section=\count188
\c@subsection=\count189
\c@subsubsection=\count190
\c@paragraph=\count191
\c@subparagraph=\count192
\c@figure=\count193
\c@table=\count194
\abovecaptionskip=\skip48
\belowcaptionskip=\skip49
\bibindent=\dimen140
) (/usr/share/texlive/texmf-dist/tex/latex/base/inputenc.sty
Package: inputenc 2021/02/14 v1.3d Input encoding file
\inpenc@prehook=\toks17
\inpenc@posthook=\toks18
) (/usr/share/texlive/texmf-dist/tex/latex/base/fontenc.sty
Package: fontenc 2021/04/29 v2.0v Standard LaTeX package
) (/usr/share/texlive/texmf-dist/tex/generic/babel/babel.sty
Package: babel 2024/01/07 v24.1 The Babel package
\babel@savecnt=\count195
\U@D=\dimen141
\l@unhyphenated=\language89
 (/usr/share/texlive/texmf-dist/tex/generic/babel/txtbabel.def)
\bbl@readstream=\read2
\bbl@dirlevel=\count196
 (/usr/share/texlive/texmf-dist/tex/generic/babel-portuges/brazil.ldf
Language: portuges 2021/07/09 v1.2t Portuguese support from the babel system
Package babel Info: Hyphen rules for 'brazil' set to \l@portuguese
(babel)             (\language80). Reported on input line 111.
Package babel Info: Making " an active character on input line 143.
)) (/usr/share/texlive/texmf-dist/tex/latex/psnfss/times.sty
Package: times 2020/03/25 PSNFSS-v9.3 (SPQR) 
) (/usr/share/texlive/texmf-dist/tex/latex/geometry/geometry.sty
Package: geometry 2020/01/02 v5.9 Page Geometry
 (/usr/share/texlive/texmf-dist/tex/latex/graphics/keyval.sty
Package: keyval 2022/05/29 v1.15 key=value parser (DPC)
\KV@toks@=\toks19
) (/usr/share/texlive/texmf-dist/tex/generic/iftex/ifvtex.sty
Package: ifvtex 2019/10/25 v1.7 ifvtex legacy package. Use iftex instead.
 (/usr/share/texlive/texmf-dist/tex/generic/iftex/iftex.sty
Package: iftex 2022/02/03 v1.0f TeX engine tests
))
\Gm@cnth=\count197
\Gm@cntv=\count198
\c@Gm@tempcnt=\count199
\Gm@bindingoffset=\dimen142
\Gm@wd@mp=\dimen143
\Gm@odd@mp=\dimen144
\Gm@even@mp=\dimen145
\Gm@layoutwidth=\dimen146
\Gm@layoutheight=\dimen147
\Gm@layouthoffset=\dimen148
\Gm@layoutvoffset=\dimen149
\Gm@dimlist=\toks20
) (/usr/share/texlive/texmf-dist/tex/latex/setspace/setspace.sty
Package: setspace 2022/12/04 v6.7b set line spacing
) (/usr/share/texlive/texmf-dist/tex/latex/tools/indentfirst.sty
Package: indentfirst 2023/07/02 v1.03 Indent first paragraph (DPC)
) (/usr/share/texlive/texmf-dist/tex/latex/graphics/graphicx.sty
Package: graphicx 2021/09/16 v1.2d Enhanced LaTeX Graphics (DPC,SPQR)
 (/usr/share/texlive/texmf-dist/tex/latex/graphics/graphics.sty
Package: graphics 2022/03/10 v1.4e Standard LaTeX Graphics (DPC,SPQR)
 (/usr/share/texlive/texmf-dist/tex/latex/graphics/trig.sty
Package: trig 2021/08/11 v1.11 sin cos tan (DPC)
) (/usr/share/texlive/texmf-dist/tex/latex/graphics-cfg/graphics.cfg
File: graphics.cfg 2016/06/04 v1.11 sample graphics configuration
)
Package graphics Info: Driver file: pdftex.def on input line 107.
 (/usr/share/texlive/texmf-dist/tex/latex/graphics-def/pdftex.def
File: pdftex.def 2022/09/22 v1.2b Graphics/color driver for pdftex
))
\Gin@req@height=\dimen150
\Gin@req@width=\dimen151
) (/usr/share/texlive/texmf-dist/tex/latex/float/float.sty
Package: float 2001/11/08 v1.3d Float enhancements (AL)
\c@float@type=\count266
\float@exts=\toks21
\float@box=\box51
\@float@everytoks=\toks22
\@floatcapt=\box52
) (/usr/share/texlive/texmf-dist/tex/latex/caption/caption.sty
Package: caption 2023/08/05 v3.6o Customizing captions (AR)
 (/usr/share/texlive/texmf-dist/tex/latex/caption/caption3.sty
Package: caption3 2023/07/31 v2.4d caption3 kernel (AR)
\caption@tempdima=\dimen152
\captionmargin=\dimen153
\caption@leftmargin=\dimen154
\caption@rightmargin=\dimen155
\caption@width=\dimen156
\caption@indent=\dimen157
\caption@parindent=\dimen158
\caption@hangindent=\dimen159
Package caption Info: Standard document class detected.
)
\c@caption@flags=\count267
\c@continuedfloat=\count268
Package caption Info: float package is loaded.
) (/usr/share/texlive/texmf-dist/tex/latex/booktabs/booktabs.sty
Package: booktabs 2020/01/12 v1.61803398 Publication quality tables
\heavyrulewidth=\dimen160
\lightrulewidth=\dimen161
\cmidrulewidth=\dimen162
\belowrulesep=\dimen163
\belowbottomsep=\dimen164
\aboverulesep=\dimen165
\abovetopsep=\dimen166
\cmidrulesep=\dimen167
\cmidrulekern=\dimen168
\defaultaddspace=\dimen169
\@cmidla=\count269
\@cmidlb=\count270
\@aboverulesep=\dimen170
\@belowrulesep=\dimen171
\@thisruleclass=\count271
\@lastruleclass=\count272
\@thisrulewidth=\dimen172
) (/usr/share/texlive/texmf-dist/tex/latex/tools/array.sty
Package: array 2023/10/16 v2.5g Tabular extension package (FMi)
\col@sep=\dimen173
\ar@mcellbox=\box53
\extrarowheight=\dimen174
\NC@list=\toks23
\extratabsurround=\skip50
\backup@length=\skip51
\ar@cellbox=\box54
) (/usr/share/texlive/texmf-dist/tex/latex/hyperref/hyperref.sty
Package: hyperref 2024-01-20 v7.01h Hypertext links for LaTeX
 (/usr/share/texlive/texmf-dist/tex/latex/kvsetkeys/kvsetkeys.sty
Package: kvsetkeys 2022-10-05 v1.19 Key value parser (HO)
) (/usr/share/texlive/texmf-dist/tex/generic/kvdefinekeys/kvdefinekeys.sty
Package: kvdefinekeys 2019-12-19 v1.6 Define keys (HO)
) (/usr/share/texlive/texmf-dist/tex/generic/pdfescape/pdfescape.sty
Package: pdfescape 2019/12/09 v1.15 Implements pdfTeX's escape features (HO)
 (/usr/share/texlive/texmf-dist/tex/generic/ltxcmds/ltxcmds.sty
Package: ltxcmds 2023-12-04 v1.26 LaTeX kernel commands for general use (HO)
) (/usr/share/texlive/texmf-dist/tex/generic/pdftexcmds/pdftexcmds.sty
Package: pdftexcmds 2020-06-27 v0.33 Utility functions of pdfTeX for LuaTeX (HO)
 (/usr/share/texlive/texmf-dist/tex/generic/infwarerr/infwarerr.sty
Package: infwarerr 2019/12/03 v1.5 Providing info/warning/error messages (HO)
)
Package pdftexcmds Info: \pdf@primitive is available.
Package pdftexcmds Info: \pdf@ifprimitive is available.
Package pdftexcmds Info: \pdfdraftmode found.
)) (/usr/share/texlive/texmf-dist/tex/latex/hycolor/hycolor.sty
Package: hycolor 2020-01-27 v1.10 Color options for hyperref/bookmark (HO)
) (/usr/share/texlive/texmf-dist/tex/latex/auxhook/auxhook.sty
Package: auxhook 2019-12-17 v1.6 Hooks for auxiliary files (HO)
) (/usr/share/texlive/texmf-dist/tex/latex/hyperref/nameref.sty
Package: nameref 2023-11-26 v2.56 Cross-referencing by name of section
 (/usr/share/texlive/texmf-dist/tex/latex/refcount/refcount.sty
Package: refcount 2019/12/15 v3.6 Data extraction from label references (HO)
) (/usr/share/texlive/texmf-dist/tex/generic/gettitlestring/gettitlestring.sty
Package: gettitlestring 2019/12/15 v1.6 Cleanup title references (HO)
 (/usr/share/texlive/texmf-dist/tex/latex/kvoptions/kvoptions.sty
Package: kvoptions 2022-06-15 v3.15 Key value format for package options (HO)
))
\c@section@level=\count273
) (/usr/share/texlive/texmf-dist/tex/latex/etoolbox/etoolbox.sty
Package: etoolbox 2020/10/05 v2.5k e-TeX tools for LaTeX (JAW)
\etb@tempcnta=\count274
)
\@linkdim=\dimen175
\Hy@linkcounter=\count275
\Hy@pagecounter=\count276
 (/usr/share/texlive/texmf-dist/tex/latex/hyperref/pd1enc.def
File: pd1enc.def 2024-01-20 v7.01h Hyperref: PDFDocEncoding definition (HO)
Now handling font encoding PD1 ...
... no UTF-8 mapping file for font encoding PD1
) (/usr/share/texlive/texmf-dist/tex/generic/intcalc/intcalc.sty
Package: intcalc 2019/12/15 v1.3 Expandable calculations with integers (HO)
)
\Hy@SavedSpaceFactor=\count277
 (/usr/share/texlive/texmf-dist/tex/latex/hyperref/puenc.def
File: puenc.def 2024-01-20 v7.01h Hyperref: PDF Unicode definition (HO)
Now handling font encoding PU ...
... no UTF-8 mapping file for font encoding PU
)
Package hyperref Info: Hyper figures OFF on input line 4179.
Package hyperref Info: Link nesting OFF on input line 4184.
Package hyperref Info: Hyper index ON on input line 4187.
Package hyperref Info: Plain pages OFF on input line 4194.
Package hyperref Info: Backreferencing OFF on input line 4199.
Package hyperref Info: Implicit mode ON; LaTeX internals redefined.
Package hyperref Info: Bookmarks ON on input line 4446.
\c@Hy@tempcnt=\count278
 (/usr/share/texlive/texmf-dist/tex/latex/url/url.sty
\Urlmuskip=\muskip16
Package: url 2013/09/16  ver 3.4  Verb mode for urls, etc.
)
LaTeX Info: Redefining \url on input line 4784.
\XeTeXLinkMargin=\dimen176
 (/usr/share/texlive/texmf-dist/tex/generic/bitset/bitset.sty
Package: bitset 2019/12/09 v1.3 Handle bit-vector datatype (HO)
 (/usr/share/texlive/texmf-dist/tex/generic/bigintcalc/bigintcalc.sty
Package: bigintcalc 2019/12/15 v1.5 Expandable calculations on big integers (HO)
))
\Fld@menulength=\count279
\Field@Width=\dimen177
\Fld@charsize=\dimen178
Package hyperref Info: Hyper figures OFF on input line 6063.
Package hyperref Info: Link nesting OFF on input line 6068.
Package hyperref Info: Hyper index ON on input line 6071.
Package hyperref Info: backreferencing OFF on input line 6078.
Package hyperref Info: Link coloring OFF on input line 6083.
Package hyperref Info: Link coloring with OCG OFF on input line 6088.
Package hyperref Info: PDF/A mode OFF on input line 6093.
 (/usr/share/texlive/texmf-dist/tex/latex/base/atbegshi-ltx.sty
Package: atbegshi-ltx 2021/01/10 v1.0c Emulation of the original atbegshi
package with kernel methods
)
\Hy@abspage=\count280
\c@Item=\count281
\c@Hfootnote=\count282
)
Package hyperref Info: Driver (autodetected): hpdftex.
 (/usr/share/texlive/texmf-dist/tex/latex/hyperref/hpdftex.def
File: hpdftex.def 2024-01-20 v7.01h Hyperref driver for pdfTeX
 (/usr/share/texlive/texmf-dist/tex/latex/base/atveryend-ltx.sty
Package: atveryend-ltx 2020/08/19 v1.0a Emulation of the original atveryend package
with kernel methods
)
\Fld@listcount=\count283
\c@bookmark@seq@number=\count284
 (/usr/share/texlive/texmf-dist/tex/latex/rerunfilecheck/rerunfilecheck.sty
Package: rerunfilecheck 2022-07-10 v1.10 Rerun checks for auxiliary files (HO)
 (/usr/share/texlive/texmf-dist/tex/generic/uniquecounter/uniquecounter.sty
Package: uniquecounter 2019/12/15 v1.4 Provide unlimited unique counter (HO)
)
Package uniquecounter Info: New unique counter `rerunfilecheck' on input line 285.
)
\Hy@SectionHShift=\skip52
) (/usr/share/texlive/texmf-dist/tex/latex/titlesec/titlesec.sty
Package: titlesec 2023/10/27 v2.16 Sectioning titles
\ttl@box=\box55
\beforetitleunit=\skip53
\aftertitleunit=\skip54
\ttl@plus=\dimen179
\ttl@minus=\dimen180
\ttl@toksa=\toks24
\titlewidth=\dimen181
\titlewidthlast=\dimen182
\titlewidthfirst=\dimen183
) (/usr/share/texlive/texmf-dist/tex/latex/tocloft/tocloft.sty
Package: tocloft 2017/08/31 v2.3i parameterised ToC, etc., typesetting
Package tocloft Info: The document has section divisions on input line 51.
\cftparskip=\skip55
\cftbeforetoctitleskip=\skip56
\cftaftertoctitleskip=\skip57
\cftbeforepartskip=\skip58
\cftpartnumwidth=\skip59
\cftpartindent=\skip60
\cftbeforesecskip=\skip61
\cftsecindent=\skip62
\cftsecnumwidth=\skip63
\cftbeforesubsecskip=\skip64
\cftsubsecindent=\skip65
\cftsubsecnumwidth=\skip66
\cftbeforesubsubsecskip=\skip67
\cftsubsubsecindent=\skip68
\cftsubsubsecnumwidth=\skip69
\cftbeforeparaskip=\skip70
\cftparaindent=\skip71
\cftparanumwidth=\skip72
\cftbeforesubparaskip=\skip73
\cftsubparaindent=\skip74
\cftsubparanumwidth=\skip75
\cftbeforeloftitleskip=\skip76
\cftafterloftitleskip=\skip77
\cftbeforefigskip=\skip78
\cftfigindent=\skip79
\cftfignumwidth=\skip80
\c@lofdepth=\count285
\c@lotdepth=\count286
\cftbeforelottitleskip=\skip81
\cftafterlottitleskip=\skip82
\cftbeforetabskip=\skip83
\cfttabindent=\skip84
\cfttabnumwidth=\skip85
) (/usr/share/texlive/texmf-dist/tex/latex/fancyhdr/fancyhdr.sty
Package: fancyhdr 2022/11/09 v4.1 Extensive control of page headers and footers
\f@nch@headwidth=\skip86
\f@nch@O@elh=\skip87
\f@nch@O@erh=\skip88
\f@nch@O@olh=\skip89
\f@nch@O@orh=\skip90
\f@nch@O@elf=\skip91
\f@nch@O@erf=\skip92
\f@nch@O@olf=\skip93
\f@nch@O@orf=\skip94
) (/usr/share/texlive/texmf-dist/tex/latex/microtype/microtype.sty
Package: microtype 2023/03/13 v3.1a Micro-typographical refinements (RS)
\MT@toks=\toks25
\MT@tempbox=\box56
\MT@count=\count287
LaTeX Info: Redefining \noprotrusionifhmode on input line 1059.
LaTeX Info: Redefining \leftprotrusion on input line 1060.
\MT@prot@toks=\toks26
LaTeX Info: Redefining \rightprotrusion on input line 1078.
LaTeX Info: Redefining \textls on input line 1368.
\MT@outer@kern=\dimen184
LaTeX Info: Redefining \textmicrotypecontext on input line 1988.
\MT@listname@count=\count288
 (/usr/share/texlive/texmf-dist/tex/latex/microtype/microtype-pdftex.def
File: microtype-pdftex.def 2023/03/13 v3.1a Definitions specific to pdftex (RS)
LaTeX Info: Redefining \lsstyle on input line 902.
LaTeX Info: Redefining \lslig on input line 902.
\MT@outer@space=\skip95
)
Package microtype Info: Loading configuration file microtype.cfg.
 (/usr/share/texlive/texmf-dist/tex/latex/microtype/microtype.cfg
File: microtype.cfg 2023/03/13 v3.1a microtype main configuration file (RS)
)) (/usr/share/texlive/texmf-dist/tex/latex/pdflscape/pdflscape.sty
Package: pdflscape 2022-10-27 v0.13 Display of landscape pages in PDF
 (/usr/share/texlive/texmf-dist/tex/latex/pdflscape/pdflscape-nometadata.sty
Package: pdflscape-nometadata 2022-10-28 v0.13 Display of landscape pages in PDF (HO)
 (/usr/share/texlive/texmf-dist/tex/latex/graphics/lscape.sty
Package: lscape 2020/05/28 v3.02 Landscape Pages (DPC)
)
Package pdflscape Info: Auto-detected driver: pdftex on input line 81.
)) (/usr/share/texlive/texmf-dist/tex/latex/parskip/parskip.sty
Package: parskip 2021-03-14 v2.0h non-zero parskip adjustments
) (/usr/share/texlive/texmf-dist/tex/latex/xcolor/xcolor.sty
Package: xcolor 2023/11/15 v3.01 LaTeX color extensions (UK)
 (/usr/share/texlive/texmf-dist/tex/latex/graphics-cfg/color.cfg
File: color.cfg 2016/01/02 v1.6 sample color configuration
)
Package xcolor Info: Driver file: pdftex.def on input line 274.
 (/usr/share/texlive/texmf-dist/tex/latex/graphics/mathcolor.ltx)
Package xcolor Info: Model `cmy' substituted by `cmy0' on input line 1350.
Package xcolor Info: Model `hsb' substituted by `rgb' on input line 1354.
Package xcolor Info: Model `RGB' extended on input line 1366.
Package xcolor Info: Model `HTML' substituted by `rgb' on input line 1368.
Package xcolor Info: Model `Hsb' substituted by `hsb' on input line 1369.
Package xcolor Info: Model `tHsb' substituted by `hsb' on input line 1370.
Package xcolor Info: Model `HSB' substituted by `hsb' on input line 1371.
Package xcolor Info: Model `Gray' substituted by `gray' on input line 1372.
Package xcolor Info: Model `wave' substituted by `hsb' on input line 1373.
)
Package hyperref Info: Option `colorlinks' set `true' on input line 29.
LaTeX Font Info:    Trying to load font information for T1+ptm on input line 85.
 (/usr/share/texlive/texmf-dist/tex/latex/psnfss/t1ptm.fd
File: t1ptm.fd 2001/06/04 font definitions for T1/ptm.
) (/usr/share/texlive/texmf-dist/tex/latex/l3backend/l3backend-pdftex.def
File: l3backend-pdftex.def 2024-01-04 L3 backend support: PDF output (pdfTeX)
\l__color_backend_stack_int=\count289
\l__pdf_internal_box=\box57
) (./projeto_APOO.aux)
\openout1 = `projeto_APOO.aux'.

LaTeX Font Info:    Checking defaults for OML/cmm/m/it on input line 85.
LaTeX Font Info:    ... okay on input line 85.
LaTeX Font Info:    Checking defaults for OMS/cmsy/m/n on input line 85.
LaTeX Font Info:    ... okay on input line 85.
LaTeX Font Info:    Checking defaults for OT1/cmr/m/n on input line 85.
LaTeX Font Info:    ... okay on input line 85.
LaTeX Font Info:    Checking defaults for T1/cmr/m/n on input line 85.
LaTeX Font Info:    ... okay on input line 85.
LaTeX Font Info:    Checking defaults for TS1/cmr/m/n on input line 85.
LaTeX Font Info:    ... okay on input line 85.
LaTeX Font Info:    Checking defaults for OMX/cmex/m/n on input line 85.
LaTeX Font Info:    ... okay on input line 85.
LaTeX Font Info:    Checking defaults for U/cmr/m/n on input line 85.
LaTeX Font Info:    ... okay on input line 85.
LaTeX Font Info:    Checking defaults for PD1/pdf/m/n on input line 85.
LaTeX Font Info:    ... okay on input line 85.
LaTeX Font Info:    Checking defaults for PU/pdf/m/n on input line 85.
LaTeX Font Info:    ... okay on input line 85.

*geometry* driver: auto-detecting
*geometry* detected driver: pdftex
*geometry* verbose mode - [ preamble ] result:
* driver: pdftex
* paper: a4paper
* layout: <same size as paper>
* layoutoffset:(h,v)=(0.0pt,0.0pt)
* modes: 
* h-part:(L,W,R)=(85.35826pt, 455.24411pt, 56.9055pt)
* v-part:(T,H,B)=(85.35826pt, 674.33032pt, 85.35826pt)
* \paperwidth=597.50787pt
* \paperheight=845.04684pt
* \textwidth=455.24411pt
* \textheight=674.33032pt
* \oddsidemargin=13.08827pt
* \evensidemargin=13.08827pt
* \topmargin=-23.91173pt
* \headheight=42.0pt
* \headsep=25.0pt
* \topskip=12.0pt
* \footskip=42.67912pt
* \marginparwidth=35.0pt
* \marginparsep=10.0pt
* \columnsep=10.0pt
* \skip\footins=10.8pt plus 4.0pt minus 2.0pt
* \hoffset=0.0pt
* \voffset=0.0pt
* \mag=1000
* \@twocolumnfalse
* \@twosidefalse
* \@mparswitchfalse
* \@reversemarginfalse
* (1in=72.27pt=25.4mm, 1cm=28.453pt)

(/usr/share/texlive/texmf-dist/tex/context/base/mkii/supp-pdf.mkii
[Loading MPS to PDF converter (version 2006.09.02).]
\scratchcounter=\count290
\scratchdimen=\dimen185
\scratchbox=\box58
\nofMPsegments=\count291
\nofMParguments=\count292
\everyMPshowfont=\toks27
\MPscratchCnt=\count293
\MPscratchDim=\dimen186
\MPnumerator=\count294
\makeMPintoPDFobject=\count295
\everyMPtoPDFconversion=\toks28
) (/usr/share/texlive/texmf-dist/tex/latex/epstopdf-pkg/epstopdf-base.sty
Package: epstopdf-base 2020-01-24 v2.11 Base part for package epstopdf
Package epstopdf-base Info: Redefining graphics rule for `.eps' on input line 485.
 (/usr/share/texlive/texmf-dist/tex/latex/latexconfig/epstopdf-sys.cfg
File: epstopdf-sys.cfg 2010/07/13 v1.3 Configuration of (r)epstopdf for TeX Live
))
Package caption Info: Begin \AtBeginDocument code.
Package caption Info: hyperref package is loaded.
Package caption Info: End \AtBeginDocument code.
Package hyperref Info: Link coloring ON on input line 85.
 (./projeto_APOO.out) (./projeto_APOO.out)
\@outlinefile=\write3
\openout3 = `projeto_APOO.out'.

LaTeX Info: Redefining \microtypecontext on input line 85.
Package microtype Info: Applying patch `item' on input line 85.
Package microtype Info: Applying patch `toc' on input line 85.
Package microtype Info: Applying patch `eqnum' on input line 85.
Package microtype Info: Applying patch `footnote' on input line 85.
Package microtype Info: Applying patch `verbatim' on input line 85.
Package microtype Info: Generating PDF output.
Package microtype Info: Character protrusion enabled (level 2).
Package microtype Info: Using default protrusion set `alltext'.
Package microtype Info: Automatic font expansion enabled (level 2),
(microtype)             stretch: 20, shrink: 20, step: 1, non-selected.
Package microtype Info: Using default expansion set `alltext-nott'.
LaTeX Info: Redefining \showhyphens on input line 85.
Package microtype Info: No adjustment of tracking.
Package microtype Info: No adjustment of interword spacing.
Package microtype Info: No adjustment of character kerning.
 (/usr/share/texlive/texmf-dist/tex/latex/microtype/mt-ptm.cfg
File: mt-ptm.cfg 2006/04/20 v1.7 microtype config. file: Times (RS)
) (/usr/share/texlive/texmf-dist/tex/latex/microtype/mt-cmr.cfg
File: mt-cmr.cfg 2013/05/19 v2.2 microtype config. file: Computer Modern Roman (RS)
)
LaTeX Font Info:    External font `cmex10' loaded for size
(Font)              <12> on input line 96.
LaTeX Font Info:    External font `cmex10' loaded for size
(Font)              <8> on input line 96.
LaTeX Font Info:    External font `cmex10' loaded for size
(Font)              <6> on input line 96.
LaTeX Font Info:    External font `cmex10' loaded for size
(Font)              <7> on input line 122.
LaTeX Font Info:    External font `cmex10' loaded for size
(Font)              <5> on input line 122.
 [1

{/var/lib/texmf/fonts/map/pdftex/updmap/pdftex.map}{/usr/share/texlive/texmf-dist/fonts/enc/dvips/base/8r.enc}] (./projeto_APOO.toc
pdfTeX warning (ext4): destination with the same identifier (name{page.1}) has been already used, duplicate ignored
<to be read again> 
                   \relax 
l.28 ...8.2}Classe Explorador}{62}{subsection.8.2}
                                                  % [1])
\tf@toc=\write4
\openout4 = `projeto_APOO.toc'.

 [2]
pdfTeX warning (ext4): destination with the same identifier (name{page.1}) has been already used, duplicate ignored
<to be read again> 
                   \relax 
l.176 
       [1]
<visao-explorador/tela01_home.png, id=167, 1101.11375pt x 823.075pt>
File: visao-explorador/tela01_home.png Graphic file (type png)
<use visao-explorador/tela01_home.png>
Package pdftex.def Info: visao-explorador/tela01_home.png  used on input line 199.
(pdftex.def)             Requested size: 386.96027pt x 289.24855pt.

pdfTeX warning (ext4): destination with the same identifier (name{page.2}) has been already used, duplicate ignored
<to be read again> 
                   \relax 
l.202 \textbf{Tela Inicial (Home):}
                                    Atua como o ponto de entrada principal (... [2]
<visao-explorador/tela02_acesso.png, id=172, 1101.11375pt x 823.075pt>
File: visao-explorador/tela02_acesso.png Graphic file (type png)
<use visao-explorador/tela02_acesso.png>
Package pdftex.def Info: visao-explorador/tela02_acesso.png  used on input line 212.
(pdftex.def)             Requested size: 386.96027pt x 289.24855pt.
 [3 <./visao-explorador/tela01_home.png>]
LaTeX Font Info:    Trying to load font information for T1+pcr on input line 216.
 (/usr/share/texlive/texmf-dist/tex/latex/psnfss/t1pcr.fd
File: t1pcr.fd 2001/06/04 font definitions for T1/pcr.
)
Package microtype Info: Loading generic protrusion settings for font family
(microtype)             `pcr' (encoding: T1).
(microtype)             For optimal results, create family-specific settings.
(microtype)             See the microtype manual for details.
<visao-explorador/tela03_mural.png, id=179, 1101.11375pt x 823.075pt>
File: visao-explorador/tela03_mural.png Graphic file (type png)
<use visao-explorador/tela03_mural.png>
Package pdftex.def Info: visao-explorador/tela03_mural.png  used on input line 225.
(pdftex.def)             Requested size: 386.96027pt x 289.24855pt.
 [4 <./visao-explorador/tela02_acesso.png>]
<visao-explorador/tela04_avatar.png, id=188, 1101.11375pt x 823.075pt>
File: visao-explorador/tela04_avatar.png Graphic file (type png)
<use visao-explorador/tela04_avatar.png>
Package pdftex.def Info: visao-explorador/tela04_avatar.png  used on input line 238.
(pdftex.def)             Requested size: 386.96027pt x 289.24855pt.
 [5 <./visao-explorador/tela03_mural.png>]
<visao-explorador/tela05_perfil1.png, id=195, 1656.1875pt x 617.30624pt>
File: visao-explorador/tela05_perfil1.png Graphic file (type png)
<use visao-explorador/tela05_perfil1.png>
Package pdftex.def Info: visao-explorador/tela05_perfil1.png  used on input line 250.
(pdftex.def)             Requested size: 386.96027pt x 144.22867pt.
 [6 <./visao-explorador/tela04_avatar.png> <./visao-explorador/tela05_perfil1.png>]
<visao-explorador/tela07_mapa.png, id=203, 1097.09875pt x 824.07875pt>
File: visao-explorador/tela07_mapa.png Graphic file (type png)
<use visao-explorador/tela07_mapa.png>
Package pdftex.def Info: visao-explorador/tela07_mapa.png  used on input line 263.
(pdftex.def)             Requested size: 386.96027pt x 290.65755pt.
<visao-explorador/tela08_culinaria_exec.png, id=204, 1656.1875pt x 617.30624pt>
File: visao-explorador/tela08_culinaria_exec.png Graphic file (type png)
<use visao-explorador/tela08_culinaria_exec.png>
Package pdftex.def Info: visao-explorador/tela08_culinaria_exec.png  used on input line 277.
(pdftex.def)             Requested size: 386.96027pt x 144.22867pt.
 [7 <./visao-explorador/tela07_mapa.png>]
<visao-explorador/tela10_pintura_exec.png, id=211, 1656.1875pt x 617.30624pt>
File: visao-explorador/tela10_pintura_exec.png Graphic file (type png)
<use visao-explorador/tela10_pintura_exec.png>
Package pdftex.def Info: visao-explorador/tela10_pintura_exec.png  used on input line 296.
(pdftex.def)             Requested size: 386.96027pt x 144.22867pt.
 [8 <./visao-explorador/tela08_culinaria_exec.png> <./visao-explorador/tela10_pintura_exec.png>]
<visao-explorador/tela12_jardinagem_exec.png, id=218, 1656.1875pt x 617.30624pt>
File: visao-explorador/tela12_jardinagem_exec.png Graphic file (type png)
<use visao-explorador/tela12_jardinagem_exec.png>
Package pdftex.def Info: visao-explorador/tela12_jardinagem_exec.png  used on input line 314.
(pdftex.def)             Requested size: 386.96027pt x 144.22867pt.
<visao-explorador/tela14_quebracabeca_exec.png, id=219, 1656.1875pt x 617.30624pt>
File: visao-explorador/tela14_quebracabeca_exec.png Graphic file (type png)
<use visao-explorador/tela14_quebracabeca_exec.png>
Package pdftex.def Info: visao-explorador/tela14_quebracabeca_exec.png  used on input line 333.
(pdftex.def)             Requested size: 386.96027pt x 144.22867pt.
 [9 <./visao-explorador/tela12_jardinagem_exec.png>]
<visao-explorador/tela16_emblemas.png, id=225, 1083.04625pt x 806.01125pt>
File: visao-explorador/tela16_emblemas.png Graphic file (type png)
<use visao-explorador/tela16_emblemas.png>
Package pdftex.def Info: visao-explorador/tela16_emblemas.png  used on input line 351.
(pdftex.def)             Requested size: 386.96027pt x 287.97466pt.
 [10 <./visao-explorador/tela14_quebracabeca_exec.png>]
<visao-explorador/tela17_evolucao.png, id=232, 1101.11375pt x 823.075pt>
File: visao-explorador/tela17_evolucao.png Graphic file (type png)
<use visao-explorador/tela17_evolucao.png>
Package pdftex.def Info: visao-explorador/tela17_evolucao.png  used on input line 364.
(pdftex.def)             Requested size: 386.96027pt x 289.24855pt.
 [11 <./visao-explorador/tela16_emblemas.png>]
<visao-explorador/tela18_diario.png, id=239, 1101.11375pt x 823.075pt>
File: visao-explorador/tela18_diario.png Graphic file (type png)
<use visao-explorador/tela18_diario.png>
Package pdftex.def Info: visao-explorador/tela18_diario.png  used on input line 377.
(pdftex.def)             Requested size: 386.96027pt x 289.24855pt.
 [12 <./visao-explorador/tela17_evolucao.png>]
<visao-mestre/adm01_login_selecao.png, id=246, 1101.11375pt x 823.075pt>
File: visao-mestre/adm01_login_selecao.png Graphic file (type png)
<use visao-mestre/adm01_login_selecao.png>
Package pdftex.def Info: visao-mestre/adm01_login_selecao.png  used on input line 398.
(pdftex.def)             Requested size: 386.96027pt x 289.24855pt.
 [13 <./visao-explorador/tela18_diario.png>]
<visao-mestre/adm02_login_form.png, id=253, 1101.11375pt x 823.075pt>
File: visao-mestre/adm02_login_form.png Graphic file (type png)
<use visao-mestre/adm02_login_form.png>
Package pdftex.def Info: visao-mestre/adm02_login_form.png  used on input line 410.
(pdftex.def)             Requested size: 386.96027pt x 289.24855pt.
 [14 <./visao-mestre/adm01_login_selecao.png>]
<visao-mestre/adm03_painel_mestre.png, id=260, 837.1275pt x 776.14969pt>
File: visao-mestre/adm03_painel_mestre.png Graphic file (type png)
<use visao-mestre/adm03_painel_mestre.png>
Package pdftex.def Info: visao-mestre/adm03_painel_mestre.png  used on input line 421.
(pdftex.def)             Requested size: 386.96027pt x 358.76228pt.
<visao-mestre/adm24_painel_mestre_scroll.png, id=261, 1094.0875pt x 816.04875pt>
File: visao-mestre/adm24_painel_mestre_scroll.png Graphic file (type png)
<use visao-mestre/adm24_painel_mestre_scroll.png>
Package pdftex.def Info: visao-mestre/adm24_painel_mestre_scroll.png  used on input line 427.
(pdftex.def)             Requested size: 386.96027pt x 288.62225pt.
 [15 <./visao-mestre/adm02_login_form.png>] [16 <./visao-mestre/adm03_painel_mestre.png>]
<visao-mestre/adm_visao_turmas_nova.png, id=274, 1091.07625pt x 816.04875pt>
File: visao-mestre/adm_visao_turmas_nova.png Graphic file (type png)
<use visao-mestre/adm_visao_turmas_nova.png>
Package pdftex.def Info: visao-mestre/adm_visao_turmas_nova.png  used on input line 440.
(pdftex.def)             Requested size: 386.96027pt x 289.41917pt.
<visao-mestre/adm_historico_modal.png, id=275, 1090.0725pt x 822.07124pt>
File: visao-mestre/adm_historico_modal.png Graphic file (type png)
<use visao-mestre/adm_historico_modal.png>
Package pdftex.def Info: visao-mestre/adm_historico_modal.png  used on input line 446.
(pdftex.def)             Requested size: 273.14923pt x 205.99396pt.
 [17 <./visao-mestre/adm24_painel_mestre_scroll.png>] [18 <./visao-mestre/adm_visao_turmas_nova.png> <./visao-mestre/adm_historico_modal.png>]
<visao-mestre/adm07_editar_turma.png, id=287, 1101.11375pt x 823.075pt>
File: visao-mestre/adm07_editar_turma.png Graphic file (type png)
<use visao-mestre/adm07_editar_turma.png>
Package pdftex.def Info: visao-mestre/adm07_editar_turma.png  used on input line 468.
(pdftex.def)             Requested size: 386.96027pt x 289.24855pt.
LaTeX Font Info:    Trying to load font information for TS1+ptm on input line 472.
 (/usr/share/texlive/texmf-dist/tex/latex/psnfss/ts1ptm.fd
File: ts1ptm.fd 2001/06/04 font definitions for TS1/ptm.
) [19 <./visao-mestre/adm07_editar_turma.png>]
<visao-mestre/adm05_carta_ia_periodo.png, id=294, 1656.1875pt x 617.30624pt>
File: visao-mestre/adm05_carta_ia_periodo.png Graphic file (type png)
<use visao-mestre/adm05_carta_ia_periodo.png>
Package pdftex.def Info: visao-mestre/adm05_carta_ia_periodo.png  used on input line 481.
(pdftex.def)             Requested size: 341.43307pt x 127.25504pt.
<visao-mestre/adm_criar_tarefas_lista.png, id=295, 1091.07625pt x 816.04875pt>
File: visao-mestre/adm_criar_tarefas_lista.png Graphic file (type png)
<use visao-mestre/adm_criar_tarefas_lista.png>
Package pdftex.def Info: visao-mestre/adm_criar_tarefas_lista.png  used on input line 493.
(pdftex.def)             Requested size: 386.96027pt x 289.41917pt.
<visao-mestre/adm_criar_tarefas_filtros.png, id=296, 1092.08pt x 822.07124pt>
File: visao-mestre/adm_criar_tarefas_filtros.png Graphic file (type png)
<use visao-mestre/adm_criar_tarefas_filtros.png>
Package pdftex.def Info: visao-mestre/adm_criar_tarefas_filtros.png  used on input line 499.
(pdftex.def)             Requested size: 386.96027pt x 291.27913pt.
 [20 <./visao-mestre/adm05_carta_ia_periodo.png>] [21 <./visao-mestre/adm_criar_tarefas_lista.png>]
<visao-mestre/adm12_nova_tarefa_identificacao2.png, id=307, 1972.36874pt x 617.30624pt>
File: visao-mestre/adm12_nova_tarefa_identificacao2.png Graphic file (type png)
<use visao-mestre/adm12_nova_tarefa_identificacao2.png>
Package pdftex.def Info: visao-mestre/adm12_nova_tarefa_identificacao2.png  used on input line 518.
(pdftex.def)             Requested size: 386.96027pt x 121.10422pt.
 [22 <./visao-mestre/adm_criar_tarefas_filtros.png>]
<visao-mestre/adm14_nova_tarefa_recompensas.png, id=314, 1972.36874pt x 617.30624pt>
File: visao-mestre/adm14_nova_tarefa_recompensas.png Graphic file (type png)
<use visao-mestre/adm14_nova_tarefa_recompensas.png>
Package pdftex.def Info: visao-mestre/adm14_nova_tarefa_recompensas.png  used on input line 532.
(pdftex.def)             Requested size: 386.96027pt x 121.10422pt.
<visao-mestre/adm16_nova_tarefa_ingredientes.png, id=315, 1972.36874pt x 617.30624pt>
File: visao-mestre/adm16_nova_tarefa_ingredientes.png Graphic file (type png)
<use visao-mestre/adm16_nova_tarefa_ingredientes.png>
Package pdftex.def Info: visao-mestre/adm16_nova_tarefa_ingredientes.png  used on input line 544.
(pdftex.def)             Requested size: 386.96027pt x 121.10422pt.
 [23 <./visao-mestre/adm12_nova_tarefa_identificacao2.png> <./visao-mestre/adm14_nova_tarefa_recompensas.png>]
<visao-mestre/adm18_nova_tarefa_desafio.png, id=323, 1285.80376pt x 819.06pt>
File: visao-mestre/adm18_nova_tarefa_desafio.png Graphic file (type png)
<use visao-mestre/adm18_nova_tarefa_desafio.png>
Package pdftex.def Info: visao-mestre/adm18_nova_tarefa_desafio.png  used on input line 556.
(pdftex.def)             Requested size: 386.96027pt x 246.49475pt.
 [24 <./visao-mestre/adm16_nova_tarefa_ingredientes.png> <./visao-mestre/adm18_nova_tarefa_desafio.png>]
<visao-mestre/adm_nova_tarefa_figuras.png, id=332, 1286.8075pt x 777.90625pt>
File: visao-mestre/adm_nova_tarefa_figuras.png Graphic file (type png)
<use visao-mestre/adm_nova_tarefa_figuras.png>
Package pdftex.def Info: visao-mestre/adm_nova_tarefa_figuras.png  used on input line 568.
(pdftex.def)             Requested size: 386.96027pt x 233.91968pt.
<visao-mestre/adm20_editar_tarefa.png, id=333, 1091.07625pt x 821.0675pt>
File: visao-mestre/adm20_editar_tarefa.png Graphic file (type png)
<use visao-mestre/adm20_editar_tarefa.png>
Package pdftex.def Info: visao-mestre/adm20_editar_tarefa.png  used on input line 581.
(pdftex.def)             Requested size: 341.43307pt x 256.93376pt.
 [25 <./visao-mestre/adm_nova_tarefa_figuras.png>]
<visao-mestre/adm21_extraclasse.png, id=339, 1091.07625pt x 821.0675pt>
File: visao-mestre/adm21_extraclasse.png Graphic file (type png)
<use visao-mestre/adm21_extraclasse.png>
Package pdftex.def Info: visao-mestre/adm21_extraclasse.png  used on input line 591.
(pdftex.def)             Requested size: 386.96027pt x 291.19911pt.
 [26 <./visao-mestre/adm20_editar_tarefa.png>]
<visao-mestre/adm22_emblemas_lista.png, id=346, 1656.1875pt x 617.30624pt>
File: visao-mestre/adm22_emblemas_lista.png Graphic file (type png)
<use visao-mestre/adm22_emblemas_lista.png>
Package pdftex.def Info: visao-mestre/adm22_emblemas_lista.png  used on input line 604.
(pdftex.def)             Requested size: 386.96027pt x 144.22867pt.
 [27 <./visao-mestre/adm21_extraclasse.png>]
<visao-mestre/adm_correcao_nova.png, id=353, 1092.08pt x 822.07124pt>
File: visao-mestre/adm_correcao_nova.png Graphic file (type png)
<use visao-mestre/adm_correcao_nova.png>
Package pdftex.def Info: visao-mestre/adm_correcao_nova.png  used on input line 616.
(pdftex.def)             Requested size: 386.96027pt x 291.27913pt.
<visao-mestre/adm_correcao_painel.png, id=354, 1362.08875pt x 860.21375pt>
File: visao-mestre/adm_correcao_painel.png Graphic file (type png)
<use visao-mestre/adm_correcao_painel.png>
Package pdftex.def Info: visao-mestre/adm_correcao_painel.png  used on input line 622.
(pdftex.def)             Requested size: 386.96027pt x 244.37592pt.
 [28 <./visao-mestre/adm22_emblemas_lista.png>] [29 <./visao-mestre/adm_correcao_nova.png> <./visao-mestre/adm_correcao_painel.png>]
<visao-mestre/adm_mapa_explorador_mestre.png, id=367, 1091.07625pt x 816.04875pt>
File: visao-mestre/adm_mapa_explorador_mestre.png Graphic file (type png)
<use visao-mestre/adm_mapa_explorador_mestre.png>
Package pdftex.def Info: visao-mestre/adm_mapa_explorador_mestre.png  used on input line 642.
(pdftex.def)             Requested size: 386.96027pt x 289.41917pt.
 [30 <./visao-mestre/adm_mapa_explorador_mestre.png>]
<visao-guardiao/adm29_login_guardiao.png, id=373, 1091.07625pt x 821.0675pt>
File: visao-guardiao/adm29_login_guardiao.png Graphic file (type png)
<use visao-guardiao/adm29_login_guardiao.png>
Package pdftex.def Info: visao-guardiao/adm29_login_guardiao.png  used on input line 662.
(pdftex.def)             Requested size: 386.96027pt x 291.19911pt.
<visao-guardiao/adm30_area_administrativa.png, id=374, 1091.07625pt x 821.0675pt>
File: visao-guardiao/adm30_area_administrativa.png Graphic file (type png)
<use visao-guardiao/adm30_area_administrativa.png>
Package pdftex.def Info: visao-guardiao/adm30_area_administrativa.png  used on input line 674.
(pdftex.def)             Requested size: 386.96027pt x 291.19911pt.
 [31 <./visao-guardiao/adm29_login_guardiao.png>]
<visao-guardiao/adm31_cadastro_explorador1.png, id=381, 828.84656pt x 719.68875pt>
File: visao-guardiao/adm31_cadastro_explorador1.png Graphic file (type png)
<use visao-guardiao/adm31_cadastro_explorador1.png>
Package pdftex.def Info: visao-guardiao/adm31_cadastro_explorador1.png  used on input line 688.
(pdftex.def)             Requested size: 213.96529pt x 185.78589pt.
<visao-guardiao/adm34_cadastro_explorador_sucesso.png, id=382, 1091.07625pt x 821.0675pt>
File: visao-guardiao/adm34_cadastro_explorador_sucesso.png Graphic file (type png)
<use visao-guardiao/adm34_cadastro_explorador_sucesso.png>
Package pdftex.def Info: visao-guardiao/adm34_cadastro_explorador_sucesso.png  used on input line 695.
(pdftex.def)             Requested size: 213.96529pt x 161.01582pt.
 [32 <./visao-guardiao/adm30_area_administrativa.png>]
<visao-guardiao/adm33_cadastro_mestre.png, id=389, 828.09375pt x 652.68843pt>
File: visao-guardiao/adm33_cadastro_mestre.png Graphic file (type png)
<use visao-guardiao/adm33_cadastro_mestre.png>
Package pdftex.def Info: visao-guardiao/adm33_cadastro_mestre.png  used on input line 717.
(pdftex.def)             Requested size: 213.96529pt x 168.63931pt.
<visao-guardiao/adm35_cadastro_mestre_sucesso.png, id=390, 1091.07625pt x 821.0675pt>
File: visao-guardiao/adm35_cadastro_mestre_sucesso.png Graphic file (type png)
<use visao-guardiao/adm35_cadastro_mestre_sucesso.png>
Package pdftex.def Info: visao-guardiao/adm35_cadastro_mestre_sucesso.png  used on input line 724.
(pdftex.def)             Requested size: 213.96529pt x 161.01582pt.
 [33 <./visao-guardiao/adm31_cadastro_explorador1.png> <./visao-guardiao/adm34_cadastro_explorador_sucesso.png>]
<visao-guardiao/adm36_cadastro_turma1.png, id=397, 828.09375pt x 747.54282pt>
File: visao-guardiao/adm36_cadastro_turma1.png Graphic file (type png)
<use visao-guardiao/adm36_cadastro_turma1.png>
Package pdftex.def Info: visao-guardiao/adm36_cadastro_turma1.png  used on input line 742.
(pdftex.def)             Requested size: 386.96027pt x 349.32622pt.
 [34 <./visao-guardiao/adm33_cadastro_mestre.png> <./visao-guardiao/adm35_cadastro_mestre_sucesso.png>]
<visao-guardiao/adm_painel_analitico_novo.png, id=405, 1097.09875pt x 824.07875pt>
File: visao-guardiao/adm_painel_analitico_novo.png Graphic file (type png)
<use visao-guardiao/adm_painel_analitico_novo.png>
Package pdftex.def Info: visao-guardiao/adm_painel_analitico_novo.png  used on input line 755.
(pdftex.def)             Requested size: 386.96027pt x 290.65755pt.
 [35 <./visao-guardiao/adm36_cadastro_turma1.png>] [36 <./visao-guardiao/adm_painel_analitico_novo.png>]
<diagramas/arvore-explorador.png, id=417, 450.68375pt x 488.82625pt>
File: diagramas/arvore-explorador.png Graphic file (type png)
<use diagramas/arvore-explorador.png>
Package pdftex.def Info: diagramas/arvore-explorador.png  used on input line 792.
(pdftex.def)             Requested size: 204.85846pt x 222.19998pt.
<diagramas/cu-explorador.png, id=418, 736.25063pt x 1504.11937pt>
File: diagramas/cu-explorador.png Graphic file (type png)
<use diagramas/cu-explorador.png>
Package pdftex.def Info: diagramas/cu-explorador.png  used on input line 799.
(pdftex.def)             Requested size: 327.7763pt x 669.64085pt.
 [37

 <./diagramas/arvore-explorador.png>]
Overfull \vbox (48.39055pt too high) has occurred while \output is active []

 [38 <./diagramas/cu-explorador.png>] [39]
<diagramas/arvore-mestre.png, id=435, 448.67625pt x 463.7325pt>
File: diagramas/arvore-mestre.png Graphic file (type png)
<use diagramas/arvore-mestre.png>
Package pdftex.def Info: diagramas/arvore-mestre.png  used on input line 850.
(pdftex.def)             Requested size: 204.85846pt x 211.72743pt.
<diagramas/cu-mestredajornada.png, id=436, 777.65532pt x 1293.33188pt>
File: diagramas/cu-mestredajornada.png Graphic file (type png)
<use diagramas/cu-mestredajornada.png>
Package pdftex.def Info: diagramas/cu-mestredajornada.png  used on input line 857.
(pdftex.def)             Requested size: 373.3035pt x 620.85146pt.
 [40 <./diagramas/arvore-mestre.png>] [41 <./diagramas/cu-mestredajornada.png>] [42]
<diagramas/arvore-guardiao.png, id=454, 450.68375pt x 488.82625pt>
File: diagramas/arvore-guardiao.png Graphic file (type png)
<use diagramas/arvore-guardiao.png>
Package pdftex.def Info: diagramas/arvore-guardiao.png  used on input line 903.
(pdftex.def)             Requested size: 204.85846pt x 222.19998pt.
<diagramas/cu-pedagogo.png, id=455, 697.10437pt x 1102.1175pt>
File: diagramas/cu-pedagogo.png Graphic file (type png)
<use diagramas/cu-pedagogo.png>
Package pdftex.def Info: diagramas/cu-pedagogo.png  used on input line 910.
(pdftex.def)             Requested size: 373.3035pt x 590.19041pt.
 [43 <./diagramas/arvore-guardiao.png>] [44 <./diagramas/cu-pedagogo.png>] [45]
Overfull \hbox (23.14333pt too wide) in paragraph at lines 977--986
\T1/ptm/m/n/12 (-20) res-pon-sб-vel. Ela ex-pхe os mй-to-dos \T1/pcr/m/n/12 calcularTaxaEvolucao() \T1/ptm/m/n/12 (-20) e \T1/pcr/m/n/12 calcularNivelMedio()\T1/ptm/m/n/12 (-20) ,
 []

[46]
<diagramas/arvore-classes.png, id=477, 452.69125pt x 251.94125pt>
File: diagramas/arvore-classes.png Graphic file (type png)
<use diagramas/arvore-classes.png>
Package pdftex.def Info: diagramas/arvore-classes.png  used on input line 1027.
(pdftex.def)             Requested size: 204.85846pt x 114.01067pt.
 [47 <./diagramas/arvore-classes.png>]

pdfTeX warning: pdflatex (file ./diagramas/diagrama-classes.pdf): PDF inclusion: found PDF version <1.7>, but at most version <1.5> allowed
<diagramas/diagrama-classes.pdf, id=485, 3313.1278pt x 1657.69313pt>
File: diagramas/diagrama-classes.pdf Graphic file (type pdf)
<use diagramas/diagrama-classes.pdf>
Package pdftex.def Info: diagramas/diagrama-classes.pdf  used on input line 1036.
(pdftex.def)             Requested size: 674.29185pt x 337.37575pt.
[48

 <./diagramas/diagrama-classes.pdf>]
<diagramas/arvore-sequencia.png, id=493, 446.66875pt x 792.9625pt>
File: diagramas/arvore-sequencia.png Graphic file (type png)
<use diagramas/arvore-sequencia.png>
Package pdftex.def Info: diagramas/arvore-sequencia.png  used on input line 1056.
(pdftex.def)             Requested size: 227.62206pt x 404.10303pt.
 [49


 <./diagramas/arvore-sequencia.png>]
<diagramas/seq1_login.png, id=501, 858.20625pt x 840.13875pt>
File: diagramas/seq1_login.png Graphic file (type png)
<use diagramas/seq1_login.png>
Package pdftex.def Info: diagramas/seq1_login.png  used on input line 1078.
(pdftex.def)             Requested size: 455.24411pt x 445.656pt.
 [50]
<diagramas/seq2_cadas_turma.png, id=508, 1006.51031pt x 1327.96124pt>
File: diagramas/seq2_cadas_turma.png Graphic file (type png)
<use diagramas/seq2_cadas_turma.png>
Package pdftex.def Info: diagramas/seq2_cadas_turma.png  used on input line 1100.
(pdftex.def)             Requested size: 455.24411pt x 600.63676pt.
 [51 <./diagramas/seq1_login.png>] [52 <./diagramas/seq2_cadas_turma.png>]
<diagramas/seq3_avatar.png, id=522, 858.20625pt x 840.13875pt>
File: diagramas/seq3_avatar.png Graphic file (type png)
<use diagramas/seq3_avatar.png>
Package pdftex.def Info: diagramas/seq3_avatar.png  used on input line 1120.
(pdftex.def)             Requested size: 455.24411pt x 445.656pt.
 [53 <./diagramas/seq3_avatar.png>]
<diagramas/arvore-comunicacao.png, id=529, 351.3125pt x 360.34625pt>
File: diagramas/arvore-comunicacao.png Graphic file (type png)
<use diagramas/arvore-comunicacao.png>
Package pdftex.def Info: diagramas/arvore-comunicacao.png  used on input line 1137.
(pdftex.def)             Requested size: 227.62206pt x 233.48pt.
<diagramas/com_turma.png, id=532, 906.38625pt x 511.9125pt>
File: diagramas/com_turma.png Graphic file (type png)
<use diagramas/com_turma.png>
Package pdftex.def Info: diagramas/com_turma.png  used on input line 1159.
(pdftex.def)             Requested size: 455.24411pt x 257.11166pt.
 [54 <./diagramas/arvore-comunicacao.png>]
<diagramas/arvore-atividade1.png, id=540, 347.2975pt x 281.05pt>
File: diagramas/arvore-atividade1.png Graphic file (type png)
<use diagramas/arvore-atividade1.png>
Package pdftex.def Info: diagramas/arvore-atividade1.png  used on input line 1179.
(pdftex.def)             Requested size: 227.62206pt x 184.20702pt.
 [55 <./diagramas/com_turma.png>]
<diagramas/atv1_calcularNota.png, id=547, 662.475pt x 673.01437pt>
File: diagramas/atv1_calcularNota.png Graphic file (type png)
<use diagramas/atv1_calcularNota.png>
Package pdftex.def Info: diagramas/atv1_calcularNota.png  used on input line 1201.
(pdftex.def)             Requested size: 295.90588pt x 300.61494pt.
 [56 <./diagramas/arvore-atividade1.png>]
<diagramas/arvore-atividade2.png, id=555, 351.3125pt x 345.29pt>
File: diagramas/arvore-atividade2.png Graphic file (type png)
<use diagramas/arvore-atividade2.png>
Package pdftex.def Info: diagramas/arvore-atividade2.png  used on input line 1213.
(pdftex.def)             Requested size: 227.62206pt x 223.72455pt.
 [57 <./diagramas/atv1_calcularNota.png>]
<diagramas/atv2_cadastrarExplorador.png, id=562, 779.91376pt x 928.97063pt>
File: diagramas/atv2_cadastrarExplorador.png Graphic file (type png)
<use diagramas/atv2_cadastrarExplorador.png>
Package pdftex.def Info: diagramas/atv2_cadastrarExplorador.png  used on input line 1238.
(pdftex.def)             Requested size: 455.24411pt x 542.24785pt.
 [58 <./diagramas/arvore-atividade2.png>] [59 <./diagramas/atv2_cadastrarExplorador.png>]
<diagramas/arvore-estado1.png, id=576, 350.30875pt x 206.7725pt>
File: diagramas/arvore-estado1.png Graphic file (type png)
<use diagramas/arvore-estado1.png>
Package pdftex.def Info: diagramas/arvore-estado1.png  used on input line 1257.
(pdftex.def)             Requested size: 227.62206pt x 134.35951pt.
<diagramas/est_missao.png, id=578, 663.98062pt x 714.41907pt>
File: diagramas/est_missao.png Graphic file (type png)
<use diagramas/est_missao.png>
Package pdftex.def Info: diagramas/est_missao.png  used on input line 1279.
(pdftex.def)             Requested size: 341.43307pt x 367.36852pt.
 [60 <./diagramas/arvore-estado1.png>]
<diagramas/arvore-estado2.png, id=586, 348.30125pt x 224.84pt>
File: diagramas/arvore-estado2.png Graphic file (type png)
<use diagramas/arvore-estado2.png>
Package pdftex.def Info: diagramas/arvore-estado2.png  used on input line 1289.
(pdftex.def)             Requested size: 227.62206pt x 146.93677pt.
 [61 <./diagramas/est_missao.png>]
<diagramas/est_explorador.png, id=593, 728.7225pt x 898.10532pt>
File: diagramas/est_explorador.png Graphic file (type png)
<use diagramas/est_explorador.png>
Package pdftex.def Info: diagramas/est_explorador.png  used on input line 1316.
(pdftex.def)             Requested size: 455.24411pt x 561.05408pt.
 [62 <./diagramas/arvore-estado2.png>] [63 <./diagramas/est_explorador.png>] [64] (./projeto_APOO.aux)
 ***********
LaTeX2e <2023-11-01> patch level 1
L3 programming layer <2024-01-22>
 ***********
Package rerunfilecheck Info: File `projeto_APOO.out' has not changed.
(rerunfilecheck)             Checksum: B73A557942C2D85FFD20189742E9240A;5588.
 ) 
Here is how much of TeX's memory you used:
 16009 strings out of 474222
 269340 string characters out of 5748733
 1933975 words of memory out of 5000000
 37546 multiletter control sequences out of 15000+600000
 614172 words of font info for 300 fonts, out of 8000000 for 9000
 1141 hyphenation exceptions out of 8191
 75i,13n,79p,1320b,617s stack positions out of 10000i,1000n,20000p,200000b,200000s
</usr/share/texlive/texmf-dist/fonts/type1/urw/courier/ucrr8a.pfb></usr/share/texlive/texmf-dist/fonts/type1/urw/times/utmb8a.pfb></usr/share/texlive/texmf-dist/fonts/type1/urw/times/utmbi8a.pfb></usr/share/texlive/texmf-dist/fonts/type1/urw/times/utmr8a.pfb></usr/share/texlive/texmf-dist/fonts/type1/urw/times/utmri8a.pfb>
Output written on projeto_APOO.pdf (67 pages, 8017807 bytes).
PDF statistics:
 677 PDF objects out of 1000 (max. 8388607)
 489 compressed objects within 5 object streams
 159 named destinations out of 1000 (max. 500000)
 57377 words of extra memory for PDF output out of 61914 (max. 10000000)

