\BOOKMARK [1][-]{section.1}{\376\377\000D\000E\000S\000C\000R\000I\000\307\000\303\000O\000\040\000D\000O\000\040\000S\000I\000S\000T\000E\000M\000A}{}% 1
\BOOKMARK [1][-]{section.2}{\376\377\000P\000R\000O\000T\000O\000T\000I\000P\000A\000\307\000\303\000O\000\040\000D\000O\000\040\000S\000I\000S\000T\000E\000M\000A}{}% 2
\BOOKMARK [2][-]{subsection.2.1}{\376\377\000I\000N\000T\000E\000R\000F\000A\000C\000E\000S\000\040\000D\000O\000\040\000P\000E\000R\000F\000I\000L\000\040\000A\000L\000U\000N\000O\000\040\000\050\000E\000X\000P\000L\000O\000R\000A\000D\000O\000R\000\051}{section.2}% 3
\BOOKMARK [2][-]{subsection.2.2}{\376\377\000I\000N\000T\000E\000R\000F\000A\000C\000E\000S\000\040\000D\000O\000\040\000P\000E\000R\000F\000I\000L\000\040\000A\000D\000M\000I\000N\000I\000S\000T\000R\000A\000T\000I\000V\000O}{section.2}% 4
\BOOKMARK [3][-]{subsubsection.2.2.1}{\376\377\000M\000e\000s\000t\000r\000e\000\040\000d\000a\000\040\000J\000o\000r\000n\000a\000d\000a}{subsection.2.2}% 5
\BOOKMARK [3][-]{subsubsection.2.2.2}{\376\377\000G\000u\000a\000r\000d\000i\000\343\000o\000\040\000\050\000P\000e\000d\000a\000g\000o\000g\000o\000\051}{subsection.2.2}% 6
\BOOKMARK [1][-]{section.3}{\376\377\000D\000I\000A\000G\000R\000A\000M\000A\000\040\000D\000E\000\040\000C\000A\000S\000O\000S\000\040\000D\000E\000\040\000U\000S\000O}{}% 7
\BOOKMARK [2][-]{subsection.3.1}{\376\377\000P\000e\000r\000f\000i\000l\000\040\000E\000x\000p\000l\000o\000r\000a\000d\000o\000r\000\040\000\050\000A\000l\000u\000n\000o\000\051}{section.3}% 8
\BOOKMARK [2][-]{subsection.3.2}{\376\377\000P\000e\000r\000f\000i\000l\000\040\000M\000e\000s\000t\000r\000e\000\040\000d\000a\000\040\000J\000o\000r\000n\000a\000d\000a\000\040\000\050\000P\000r\000o\000f\000e\000s\000s\000o\000r\000\051}{section.3}% 9
\BOOKMARK [2][-]{subsection.3.3}{\376\377\000P\000e\000r\000f\000i\000l\000\040\000P\000e\000d\000a\000g\000o\000g\000o\000\040\000\050\000G\000u\000a\000r\000d\000i\000\343\000o\000\051}{section.3}% 10
\BOOKMARK [1][-]{section.4}{\376\377\000D\000I\000A\000G\000R\000A\000M\000A\000\040\000D\000E\000\040\000C\000L\000A\000S\000S\000E\000S}{}% 11
\BOOKMARK [2][-]{subsection.4.1}{\376\377\000H\000i\000e\000r\000a\000r\000q\000u\000i\000a\000\040\000d\000e\000\040\000U\000s\000u\000\341\000r\000i\000o\000s}{section.4}% 12
\BOOKMARK [2][-]{subsection.4.2}{\376\377\000I\000d\000e\000n\000t\000i\000d\000a\000d\000e\000,\000\040\000A\000c\000e\000s\000s\000o\000\040\000e\000\040\000P\000e\000r\000s\000o\000n\000a\000l\000i\000z\000a\000\347\000\343\000o}{section.4}% 13
\BOOKMARK [2][-]{subsection.4.3}{\376\377\000T\000u\000r\000m\000a\000s\000\040\000e\000\040\000H\000a\000b\000i\000l\000i\000d\000a\000d\000e\000s}{section.4}% 14
\BOOKMARK [2][-]{subsection.4.4}{\376\377\000M\000i\000s\000s\000\365\000e\000s\000\040\000e\000\040\000A\000t\000i\000v\000i\000d\000a\000d\000e\000s}{section.4}% 15
\BOOKMARK [2][-]{subsection.4.5}{\376\377\000E\000m\000b\000l\000e\000m\000a\000s\000\040\000e\000\040\000R\000e\000l\000a\000t\000\363\000r\000i\000o\000s}{section.4}% 16
\BOOKMARK [1][-]{section.5}{\376\377\000D\000I\000A\000G\000R\000A\000M\000A\000S\000\040\000D\000E\000\040\000S\000E\000Q\000U\000\312\000N\000C\000I\000A}{}% 17
\BOOKMARK [2][-]{subsection.5.1}{\376\377\000L\000o\000g\000i\000n\000\040\000d\000o\000\040\000E\000x\000p\000l\000o\000r\000a\000d\000o\000r\000\040\000v\000i\000a\000\040\000N\000F\000C\000/\000Q\000R\000\040\000C\000o\000d\000e}{section.5}% 18
\BOOKMARK [2][-]{subsection.5.2}{\376\377\000C\000a\000d\000a\000s\000t\000r\000a\000r\000\040\000T\000u\000r\000m\000a}{section.5}% 19
\BOOKMARK [2][-]{subsection.5.3}{\376\377\000A\000l\000t\000e\000r\000a\000r\000\040\000A\000v\000a\000t\000a\000r}{section.5}% 20
\BOOKMARK [1][-]{section.6}{\376\377\000D\000I\000A\000G\000R\000A\000M\000A\000\040\000D\000E\000\040\000C\000O\000M\000U\000N\000I\000C\000A\000\307\000\303\000O}{}% 21
\BOOKMARK [1][-]{section.7}{\376\377\000D\000I\000A\000G\000R\000A\000M\000A\000S\000\040\000D\000E\000\040\000A\000T\000I\000V\000I\000D\000A\000D\000E\000S}{}% 22
\BOOKMARK [2][-]{subsection.7.1}{\376\377\000O\000p\000e\000r\000a\000\347\000\343\000o\000\040\000c\000a\000l\000c\000u\000l\000a\000r\000N\000o\000t\000a\000\050\000\051\000\040\040\024\000\040\000C\000l\000a\000s\000s\000e\000\040\000J\000o\000g\000o\000M\000e\000m\000o\000r\000i\000a\000\040\000\040\000[\000V\000i\000s\000\343\000o\000\040\000d\000e\000\040\000P\000r\000o\000j\000e\000t\000o\000]}{section.7}% 23
\BOOKMARK [2][-]{subsection.7.2}{\376\377\000C\000a\000s\000o\000\040\000d\000e\000\040\000U\000s\000o\000:\000\040\000C\000a\000d\000a\000s\000t\000r\000a\000r\000\040\000E\000x\000p\000l\000o\000r\000a\000d\000o\000r\000\040\000\040\000[\000V\000i\000s\000\343\000o\000\040\000d\000e\000\040\000C\000a\000s\000o\000s\000\040\000d\000e\000\040\000U\000s\000o\000]}{section.7}% 24
\BOOKMARK [1][-]{section.8}{\376\377\000D\000I\000A\000G\000R\000A\000M\000A\000S\000\040\000D\000E\000\040\000E\000S\000T\000A\000D\000O}{}% 25
\BOOKMARK [2][-]{subsection.8.1}{\376\377\000C\000l\000a\000s\000s\000e\000\040\000M\000i\000s\000s\000a\000o}{section.8}% 26
\BOOKMARK [2][-]{subsection.8.2}{\376\377\000C\000l\000a\000s\000s\000e\000\040\000E\000x\000p\000l\000o\000r\000a\000d\000o\000r}{section.8}% 27
\BOOKMARK [1][-]{section.9}{\376\377\000D\000E\000C\000L\000A\000R\000A\000\307\000\303\000O\000\040\000D\000E\000\040\000U\000S\000O\000\040\000D\000E\000\040\000I\000N\000T\000E\000L\000I\000G\000\312\000N\000C\000I\000A\000\040\000A\000R\000T\000I\000F\000I\000C\000I\000A\000L}{}% 28
